{"log":
 [{"message":
   ".> LEAN_PATH=D:\\academic\\translation\\fp\\fp-lean-zh\\book\\.lake\\packages\\subverso\\.lake\\build\\lib\\lean;D:\\academic\\translation\\fp\\fp-lean-zh\\book\\.lake\\packages\\MD4Lean\\.lake\\build\\lib\\lean;D:\\academic\\translation\\fp\\fp-lean-zh\\book\\.lake\\packages\\verso\\.lake\\build\\lib\\lean;D:\\academic\\translation\\fp\\fp-lean-zh\\book\\.lake\\build\\lib\\lean c:\\Users\\Dell\\.elan\\toolchains\\leanprover--lean4-nightly---nightly-2025-06-01\\bin\\lean.exe -Dweak.verso.examples.suggest=true -Dweak.verso.externalExamples.suppressedNamespaces=\"A Adding Agh Almost Alt AltPos AndDef AndThen AppendOverloads ApplicativeOptionLaws ApplicativeOptionLaws2 ApplicativeToFunctor Apply Argh AutoImpl B BadUnzip BetterHPlus BetterPlicity Blurble Both Busted C CheckFunctorPair Class Cls Cmp Connectives Cont Ctor D Decide Demo Desugared Details DirTree Double EEE EarlyReturn Eff Errs Eta Evaluator Even Ex Exercises Explicit ExplicitParents Extra Extras F F1 F2 Fake FakeAlternative FakeCoe FakeExcept FakeFunctor FakeMonad FakeOrElse FakeSeqRight FancyDo FastPos FinDef Finny Fixity Floop Foo Foo2 Four FourPointFive Golf Golf' Guard H HelloName1 HelloName2 HelloName3 Huh IdentMonad Impl Improved Inductive Inflexible L Lawful ListExtras Loops Loops.Cont M MMM Main1 Main2 Main3 Match MatchDef Mine Modify MonadApplicative MonadApplicativeDesugar MonadApplicativeProof1 MonadApplicativeProof2 MonadApplicativeProof3 MonadApplicativeProof4 MonadLaws Monadicish Monads.Err Monads.Option Monads.State Monads.Writer More MoreClear MoreMonadic Mut MyList1 MyList15 MyList3 MyListStuff MyMonadExcept MyMonadLift MySum NRT NT NatLits Nested New NoTac Non Numbering Numbering.Short Old One OneAttempt Oooops Ooops Oops Opt Option OrElse Orders Original Other OverloadedBits OverloadedInt OwnInstances Partial PipelineEx PointStuff ProblematicHPlus Prod Proofs PropStuff Provisional Provisional2 R Ranges Readerish ReallyNoTypes Reorder SameDo SeqCounterexample SeqLeftSugar SeqRightSugar Ser Short St StEx StdLibNoUni Str StructNotation Structed SubtypeDemo SugaryOrElse Sum T TTT Tactical TailRec Temp ThenDoUnless Three Transformed Two U Up UseList VariousTypes Verbose Wak Whatevs WithAndThen WithDo WithFor WithInfix WithMatch WithPattern\" D:\\academic\\translation\\fp\\fp-lean-zh\\book\\FPLeanZh\\Examples\\Commands\\ShLex.lean -R D:\\academic\\translation\\fp\\fp-lean-zh\\book -o D:\\academic\\translation\\fp\\fp-lean-zh\\book\\.lake\\build\\lib\\lean\\FPLeanZh\\Examples\\Commands\\ShLex.olean -i D:\\academic\\translation\\fp\\fp-lean-zh\\book\\.lake\\build\\lib\\lean\\FPLeanZh\\Examples\\Commands\\ShLex.ilean -c D:\\academic\\translation\\fp\\fp-lean-zh\\book\\.lake\\build\\ir\\FPLeanZh\\Examples\\Commands\\ShLex.c --json",
   "level": "trace"}],
 "inputs":
 [["FPLeanZh.Examples.Commands.ShLex:deps",
   [["deps",
     [["book/FPLeanZh:extraDep", [["@book:extraDep", "1723"]]],
      ["import oleans", "1723"]]],
    ["libs",
     [["import dynlibs", "1723"],
      ["package external libraries", "1723"],
      ["module dynlibs", "1723"],
      ["module plugins", "1723"]]]]],
  ["Lean 4.21.0, commit c6cad5fcff86c6c9ee738bf4faaf643924c587ea",
   "5435346417742358552"],
  ["Module.leanArgs: #[-Dweak.verso.examples.suggest=true, -Dweak.verso.externalExamples.suppressedNamespaces=\"A Adding Agh Almost Alt AltPos AndDef AndThen AppendOverloads ApplicativeOptionLaws ApplicativeOptionLaws2 ApplicativeToFunctor Apply Argh AutoImpl B BadUnzip BetterHPlus BetterPlicity Blurble Both Busted C CheckFunctorPair Class Cls Cmp Connectives Cont Ctor D Decide Demo Desugared Details DirTree Double EEE EarlyReturn Eff Errs Eta Evaluator Even Ex Exercises Explicit ExplicitParents Extra Extras F F1 F2 Fake FakeAlternative FakeCoe FakeExcept FakeFunctor FakeMonad FakeOrElse FakeSeqRight FancyDo FastPos FinDef Finny Fixity Floop Foo Foo2 Four FourPointFive Golf Golf' Guard H HelloName1 HelloName2 HelloName3 Huh IdentMonad Impl Improved Inductive Inflexible L Lawful ListExtras Loops Loops.Cont M MMM Main1 Main2 Main3 Match MatchDef Mine Modify MonadApplicative MonadApplicativeDesugar MonadApplicativeProof1 MonadApplicativeProof2 MonadApplicativeProof3 MonadApplicativeProof4 MonadLaws Monadicish Monads.Err Monads.Option Monads.State Monads.Writer More MoreClear MoreMonadic Mut MyList1 MyList15 MyList3 MyListStuff MyMonadExcept MyMonadLift MySum NRT NT NatLits Nested New NoTac Non Numbering Numbering.Short Old One OneAttempt Oooops Ooops Oops Opt Option OrElse Orders Original Other OverloadedBits OverloadedInt OwnInstances Partial PipelineEx PointStuff ProblematicHPlus Prod Proofs PropStuff Provisional Provisional2 R Ranges Readerish ReallyNoTypes Reorder SameDo SeqCounterexample SeqLeftSugar SeqRightSugar Ser Short St StEx StdLibNoUni Str StructNotation Structed SubtypeDemo SugaryOrElse Sum T TTT Tactical TailRec Temp ThenDoUnless Three Transformed Two U Up UseList VariousTypes Verbose Wak Whatevs WithAndThen WithDo WithFor WithInfix WithMatch WithPattern\"]",
   "16481380696066502365"],
  ["D:\\academic\\translation\\fp\\fp-lean-zh\\book\\FPLeanZh\\Examples\\Commands\\ShLex.lean",
   "12348728002453343957"]],
 "depHash": "7761508439299504921"}